<?xml version="1.0" encoding="UTF-8"?>
<!-- Generated by org.testng.reporters.JUnitXMLReporter -->
<testsuite ignored="0" hostname="ManasPC" failures="1" tests="11" name="Default test" time="30.084" errors="0" timestamp="2023-07-24T14:27:14 CDT">
  <testcase classname="io.cucumber.testng.AbstractTestNGCucumberTests" name="runScenario" time="4.926"/>
  <testcase classname="io.cucumber.testng.AbstractTestNGCucumberTests" name="runScenario" time="0.369"/>
  <testcase classname="io.cucumber.testng.AbstractTestNGCucumberTests" name="runScenario" time="0.267"/>
  <testcase classname="io.cucumber.testng.AbstractTestNGCucumberTests" name="runScenario" time="21.943"/>
  <testcase classname="io.cucumber.testng.AbstractTestNGCucumberTests" name="runScenario" time="0.481"/>
  <testcase classname="io.cucumber.testng.AbstractTestNGCucumberTests" name="runScenario" time="0.221"/>
  <testcase classname="io.cucumber.testng.AbstractTestNGCucumberTests" name="runScenario" time="0.252">
    <failure type="java.lang.AssertionError" message="1 expectation failed.
Response body doesn&amp;apos;t match expectation.
Expected: The content to match the given JSON schema.
error: object instance has properties which are not allowed by the schema: [&amp;quot;message&amp;quot;,&amp;quot;success&amp;quot;]
    level: &amp;quot;error&amp;quot;
    schema: {&amp;quot;loadingURI&amp;quot;:&amp;quot;file:/C:/NumpyNinja_Projects/RESTAssured_Hackathon2023/target/test-classes/schemaValidator.json#&amp;quot;,&amp;quot;pointer&amp;quot;:&amp;quot;/definitions/Welcome3&amp;quot;}
    instance: {&amp;quot;pointer&amp;quot;:&amp;quot;&amp;quot;}
    domain: &amp;quot;validation&amp;quot;
    keyword: &amp;quot;additionalProperties&amp;quot;
    unwanted: [&amp;quot;message&amp;quot;,&amp;quot;success&amp;quot;]
error: object has missing required properties ([&amp;quot;assignmentDescription&amp;quot;,&amp;quot;assignmentId&amp;quot;,&amp;quot;assignmentName&amp;quot;,&amp;quot;batchId&amp;quot;,&amp;quot;comments&amp;quot;,&amp;quot;createdBy&amp;quot;,&amp;quot;dueDate&amp;quot;,&amp;quot;graderId&amp;quot;,&amp;quot;pathAttachment1&amp;quot;,&amp;quot;pathAttachment2&amp;quot;,&amp;quot;pathAttachment3&amp;quot;,&amp;quot;pathAttachment4&amp;quot;,&amp;quot;pathAttachment5&amp;quot;])
    level: &amp;quot;error&amp;quot;
    schema: {&amp;quot;loadingURI&amp;quot;:&amp;quot;file:/C:/NumpyNinja_Projects/RESTAssured_Hackathon2023/target/test-classes/schemaValidator.json#&amp;quot;,&amp;quot;pointer&amp;quot;:&amp;quot;/definitions/Welcome3&amp;quot;}
    instance: {&amp;quot;pointer&amp;quot;:&amp;quot;&amp;quot;}
    domain: &amp;quot;validation&amp;quot;
    keyword: &amp;quot;required&amp;quot;
    required: [&amp;quot;assignmentDescription&amp;quot;,&amp;quot;assignmentId&amp;quot;,&amp;quot;assignmentName&amp;quot;,&amp;quot;batchId&amp;quot;,&amp;quot;comments&amp;quot;,&amp;quot;createdBy&amp;quot;,&amp;quot;dueDate&amp;quot;,&amp;quot;graderId&amp;quot;,&amp;quot;pathAttachment1&amp;quot;,&amp;quot;pathAttachment2&amp;quot;,&amp;quot;pathAttachment3&amp;quot;,&amp;quot;pathAttachment4&amp;quot;,&amp;quot;pathAttachment5&amp;quot;]
    missing: [&amp;quot;assignmentDescription&amp;quot;,&amp;quot;assignmentId&amp;quot;,&amp;quot;assignmentName&amp;quot;,&amp;quot;batchId&amp;quot;,&amp;quot;comments&amp;quot;,&amp;quot;createdBy&amp;quot;,&amp;quot;dueDate&amp;quot;,&amp;quot;graderId&amp;quot;,&amp;quot;pathAttachment1&amp;quot;,&amp;quot;pathAttachment2&amp;quot;,&amp;quot;pathAttachment3&amp;quot;,&amp;quot;pathAttachment4&amp;quot;,&amp;quot;pathAttachment5&amp;quot;]

  Actual: {&amp;quot;message&amp;quot;:&amp;quot;Created By is mandatory&amp;quot;,&amp;quot;success&amp;quot;:false}
">
      <![CDATA[java.lang.AssertionError: 1 expectation failed.
Response body doesn't match expectation.
Expected: The content to match the given JSON schema.
error: object instance has properties which are not allowed by the schema: ["message","success"]
    level: "error"
    schema: {"loadingURI":"file:/C:/NumpyNinja_Projects/RESTAssured_Hackathon2023/target/test-classes/schemaValidator.json#","pointer":"/definitions/Welcome3"}
    instance: {"pointer":""}
    domain: "validation"
    keyword: "additionalProperties"
    unwanted: ["message","success"]
error: object has missing required properties (["assignmentDescription","assignmentId","assignmentName","batchId","comments","createdBy","dueDate","graderId","pathAttachment1","pathAttachment2","pathAttachment3","pathAttachment4","pathAttachment5"])
    level: "error"
    schema: {"loadingURI":"file:/C:/NumpyNinja_Projects/RESTAssured_Hackathon2023/target/test-classes/schemaValidator.json#","pointer":"/definitions/Welcome3"}
    instance: {"pointer":""}
    domain: "validation"
    keyword: "required"
    required: ["assignmentDescription","assignmentId","assignmentName","batchId","comments","createdBy","dueDate","graderId","pathAttachment1","pathAttachment2","pathAttachment3","pathAttachment4","pathAttachment5"]
    missing: ["assignmentDescription","assignmentId","assignmentName","batchId","comments","createdBy","dueDate","graderId","pathAttachment1","pathAttachment2","pathAttachment3","pathAttachment4","pathAttachment5"]

  Actual: {"message":"Created By is mandatory","success":false}

at java.base/jdk.internal.reflect.DirectConstructorHandleAccessor.newInstance(DirectConstructorHandleAccessor.java:67)
at java.base/java.lang.reflect.Constructor.newInstanceWithCaller(Constructor.java:500)
at java.base/java.lang.reflect.Constructor.newInstance(Constructor.java:484)
at org.codehaus.groovy.reflection.CachedConstructor.invoke(CachedConstructor.java:72)
at org.codehaus.groovy.runtime.callsite.ConstructorSite$ConstructorSiteNoUnwrapNoCoerce.callConstructor(ConstructorSite.java:105)
at org.codehaus.groovy.runtime.callsite.CallSiteArray.defaultCallConstructor(CallSiteArray.java:59)
at org.codehaus.groovy.runtime.callsite.AbstractCallSite.callConstructor(AbstractCallSite.java:263)
at org.codehaus.groovy.runtime.callsite.AbstractCallSite.callConstructor(AbstractCallSite.java:277)
at io.restassured.internal.ResponseSpecificationImpl$HamcrestAssertionClosure.validate(ResponseSpecificationImpl.groovy:493)
at io.restassured.internal.ResponseSpecificationImpl$HamcrestAssertionClosure$validate$1.call(Unknown Source)
at io.restassured.internal.ResponseSpecificationImpl.validateResponseIfRequired(ResponseSpecificationImpl.groovy:674)
at java.base/jdk.internal.reflect.DirectMethodHandleAccessor.invoke(DirectMethodHandleAccessor.java:104)
at java.base/java.lang.reflect.Method.invoke(Method.java:578)
at org.codehaus.groovy.runtime.callsite.PlainObjectMetaMethodSite.doInvoke(PlainObjectMetaMethodSite.java:43)
at org.codehaus.groovy.runtime.callsite.PogoMetaMethodSite$PogoCachedMethodSiteNoUnwrapNoCoerce.invoke(PogoMetaMethodSite.java:193)
at org.codehaus.groovy.runtime.callsite.PogoMetaMethodSite.callCurrent(PogoMetaMethodSite.java:61)
at org.codehaus.groovy.runtime.callsite.AbstractCallSite.callCurrent(AbstractCallSite.java:185)
at io.restassured.internal.ResponseSpecificationImpl.body(ResponseSpecificationImpl.groovy:98)
at io.restassured.internal.ValidatableResponseOptionsImpl.body(ValidatableResponseOptionsImpl.java:238)
at io.restassured.internal.ValidatableResponseImpl.super$2$body(ValidatableResponseImpl.groovy)
at java.base/jdk.internal.reflect.DirectMethodHandleAccessor.invoke(DirectMethodHandleAccessor.java:104)
at java.base/java.lang.reflect.Method.invoke(Method.java:578)
at org.codehaus.groovy.reflection.CachedMethod.invoke(CachedMethod.java:107)
at groovy.lang.MetaMethod.doMethodInvoke(MetaMethod.java:323)
at groovy.lang.MetaClassImpl.invokeMethod(MetaClassImpl.java:1262)
at org.codehaus.groovy.runtime.ScriptBytecodeAdapter.invokeMethodOnSuperN(ScriptBytecodeAdapter.java:144)
at io.restassured.internal.ValidatableResponseImpl.body(ValidatableResponseImpl.groovy:293)
at io.restassured.internal.ValidatableResponseImpl.body(ValidatableResponseImpl.groovy)
at api.endpoints.AssignmentEndPoints.createUser(AssignmentEndPoints.java:21)
at api.tests.AssignmentTests.TestPostAssignment(AssignmentTests.java:88)
at stepDefinitions.AssignmentNegativeScenarios_SD.user_sends_request_body_from_excel_with_missing_data(AssignmentNegativeScenarios_SD.java:22)
at âœ½.User sends request Body from excel with missing data(file:///C:/NumpyNinja_Projects/RESTAssured_Hackathon2023/src/test/resources/features/5AssignmentNegativeScenarios.feature:27)
]]>
    </failure>
  </testcase> <!-- runScenario -->
  <testcase classname="io.cucumber.testng.AbstractTestNGCucumberTests" name="runScenario" time="0.22"/>
  <testcase classname="io.cucumber.testng.AbstractTestNGCucumberTests" name="runScenario" time="0.216"/>
  <testcase classname="io.cucumber.testng.AbstractTestNGCucumberTests" name="runScenario" time="0.223"/>
  <testcase classname="io.cucumber.testng.AbstractTestNGCucumberTests" name="runScenario" time="0.214"/>
</testsuite> <!-- Default test -->
