<?xml version="1.0" encoding="UTF-8"?>
<!-- Generated by org.testng.reporters.JUnitReportReporter -->
<testsuite hostname="ManasPC" failures="1" tests="11" name="runner.TestRunner" time="29.332" errors="0" timestamp="2023-07-24T14:27:14 CDT" skipped="0">
  <testcase classname="runner.TestRunner" name="runScenario" time="21.943"/>
  <system-out/>
  <testcase classname="runner.TestRunner" name="runScenario" time="0.216"/>
  <system-out/>
  <testcase classname="runner.TestRunner" name="runScenario" time="0.252">
    <failure message="1 expectation failed.
Response body doesn&#039;t match expectation.
Expected: The content to match the given JSON schema.
error: object instance has properties which are not allowed by the schema: [&quot;message&quot;,&quot;success&quot;]
    level: &quot;error&quot;
    schema: {&quot;loadingURI&quot;:&quot;file:/C:/NumpyNinja_Projects/RESTAssured_Hackathon2023/target/test-classes/schemaValidator.json#&quot;,&quot;pointer&quot;:&quot;/definitions/Welcome3&quot;}
    instance: {&quot;pointer&quot;:&quot;&quot;}
    domain: &quot;validation&quot;
    keyword: &quot;additionalProperties&quot;
    unwanted: [&quot;message&quot;,&quot;success&quot;]
error: object has missing required properties ([&quot;assignmentDescription&quot;,&quot;assignmentId&quot;,&quot;assignmentName&quot;,&quot;batchId&quot;,&quot;comments&quot;,&quot;createdBy&quot;,&quot;dueDate&quot;,&quot;graderId&quot;,&quot;pathAttachment1&quot;,&quot;pathAttachment2&quot;,&quot;pathAttachment3&quot;,&quot;pathAttachment4&quot;,&quot;pathAttachment5&quot;])
    level: &quot;error&quot;
    schema: {&quot;loadingURI&quot;:&quot;file:/C:/NumpyNinja_Projects/RESTAssured_Hackathon2023/target/test-classes/schemaValidator.json#&quot;,&quot;pointer&quot;:&quot;/definitions/Welcome3&quot;}
    instance: {&quot;pointer&quot;:&quot;&quot;}
    domain: &quot;validation&quot;
    keyword: &quot;required&quot;
    required: [&quot;assignmentDescription&quot;,&quot;assignmentId&quot;,&quot;assignmentName&quot;,&quot;batchId&quot;,&quot;comments&quot;,&quot;createdBy&quot;,&quot;dueDate&quot;,&quot;graderId&quot;,&quot;pathAttachment1&quot;,&quot;pathAttachment2&quot;,&quot;pathAttachment3&quot;,&quot;pathAttachment4&quot;,&quot;pathAttachment5&quot;]
    missing: [&quot;assignmentDescription&quot;,&quot;assignmentId&quot;,&quot;assignmentName&quot;,&quot;batchId&quot;,&quot;comments&quot;,&quot;createdBy&quot;,&quot;dueDate&quot;,&quot;graderId&quot;,&quot;pathAttachment1&quot;,&quot;pathAttachment2&quot;,&quot;pathAttachment3&quot;,&quot;pathAttachment4&quot;,&quot;pathAttachment5&quot;]

  Actual: {&quot;message&quot;:&quot;Created By is mandatory&quot;,&quot;success&quot;:false}
" type="java.lang.AssertionError">
      <![CDATA[java.lang.AssertionError: 1 expectation failed.
Response body doesn't match expectation.
Expected: The content to match the given JSON schema.
error: object instance has properties which are not allowed by the schema: ["message","success"]
    level: "error"
    schema: {"loadingURI":"file:/C:/NumpyNinja_Projects/RESTAssured_Hackathon2023/target/test-classes/schemaValidator.json#","pointer":"/definitions/Welcome3"}
    instance: {"pointer":""}
    domain: "validation"
    keyword: "additionalProperties"
    unwanted: ["message","success"]
error: object has missing required properties (["assignmentDescription","assignmentId","assignmentName","batchId","comments","createdBy","dueDate","graderId","pathAttachment1","pathAttachment2","pathAttachment3","pathAttachment4","pathAttachment5"])
    level: "error"
    schema: {"loadingURI":"file:/C:/NumpyNinja_Projects/RESTAssured_Hackathon2023/target/test-classes/schemaValidator.json#","pointer":"/definitions/Welcome3"}
    instance: {"pointer":""}
    domain: "validation"
    keyword: "required"
    required: ["assignmentDescription","assignmentId","assignmentName","batchId","comments","createdBy","dueDate","graderId","pathAttachment1","pathAttachment2","pathAttachment3","pathAttachment4","pathAttachment5"]
    missing: ["assignmentDescription","assignmentId","assignmentName","batchId","comments","createdBy","dueDate","graderId","pathAttachment1","pathAttachment2","pathAttachment3","pathAttachment4","pathAttachment5"]

  Actual: {"message":"Created By is mandatory","success":false}

at java.base/jdk.internal.reflect.DirectConstructorHandleAccessor.newInstance(DirectConstructorHandleAccessor.java:67)
at java.base/java.lang.reflect.Constructor.newInstanceWithCaller(Constructor.java:500)
at java.base/java.lang.reflect.Constructor.newInstance(Constructor.java:484)
at org.codehaus.groovy.reflection.CachedConstructor.invoke(CachedConstructor.java:72)
at org.codehaus.groovy.runtime.callsite.ConstructorSite$ConstructorSiteNoUnwrapNoCoerce.callConstructor(ConstructorSite.java:105)
at org.codehaus.groovy.runtime.callsite.CallSiteArray.defaultCallConstructor(CallSiteArray.java:59)
at org.codehaus.groovy.runtime.callsite.AbstractCallSite.callConstructor(AbstractCallSite.java:263)
at org.codehaus.groovy.runtime.callsite.AbstractCallSite.callConstructor(AbstractCallSite.java:277)
at io.restassured.internal.ResponseSpecificationImpl$HamcrestAssertionClosure.validate(ResponseSpecificationImpl.groovy:493)
at io.restassured.internal.ResponseSpecificationImpl$HamcrestAssertionClosure$validate$1.call(Unknown Source)
at io.restassured.internal.ResponseSpecificationImpl.validateResponseIfRequired(ResponseSpecificationImpl.groovy:674)
at java.base/jdk.internal.reflect.DirectMethodHandleAccessor.invoke(DirectMethodHandleAccessor.java:104)
at java.base/java.lang.reflect.Method.invoke(Method.java:578)
at org.codehaus.groovy.runtime.callsite.PlainObjectMetaMethodSite.doInvoke(PlainObjectMetaMethodSite.java:43)
at org.codehaus.groovy.runtime.callsite.PogoMetaMethodSite$PogoCachedMethodSiteNoUnwrapNoCoerce.invoke(PogoMetaMethodSite.java:193)
at org.codehaus.groovy.runtime.callsite.PogoMetaMethodSite.callCurrent(PogoMetaMethodSite.java:61)
at org.codehaus.groovy.runtime.callsite.AbstractCallSite.callCurrent(AbstractCallSite.java:185)
at io.restassured.internal.ResponseSpecificationImpl.body(ResponseSpecificationImpl.groovy:98)
at io.restassured.internal.ValidatableResponseOptionsImpl.body(ValidatableResponseOptionsImpl.java:238)
at io.restassured.internal.ValidatableResponseImpl.super$2$body(ValidatableResponseImpl.groovy)
at java.base/jdk.internal.reflect.DirectMethodHandleAccessor.invoke(DirectMethodHandleAccessor.java:104)
at java.base/java.lang.reflect.Method.invoke(Method.java:578)
at org.codehaus.groovy.reflection.CachedMethod.invoke(CachedMethod.java:107)
at groovy.lang.MetaMethod.doMethodInvoke(MetaMethod.java:323)
at groovy.lang.MetaClassImpl.invokeMethod(MetaClassImpl.java:1262)
at org.codehaus.groovy.runtime.ScriptBytecodeAdapter.invokeMethodOnSuperN(ScriptBytecodeAdapter.java:144)
at io.restassured.internal.ValidatableResponseImpl.body(ValidatableResponseImpl.groovy:293)
at io.restassured.internal.ValidatableResponseImpl.body(ValidatableResponseImpl.groovy)
at api.endpoints.AssignmentEndPoints.createUser(AssignmentEndPoints.java:21)
at api.tests.AssignmentTests.TestPostAssignment(AssignmentTests.java:88)
at stepDefinitions.AssignmentNegativeScenarios_SD.user_sends_request_body_from_excel_with_missing_data(AssignmentNegativeScenarios_SD.java:22)
at âœ½.User sends request Body from excel with missing data(file:///C:/NumpyNinja_Projects/RESTAssured_Hackathon2023/src/test/resources/features/5AssignmentNegativeScenarios.feature:27)
]]>
    </failure>
  </testcase> <!-- runScenario -->
  <system-out/>
  <testcase classname="runner.TestRunner" name="runScenario" time="0.481"/>
  <system-out/>
  <testcase classname="runner.TestRunner" name="runScenario" time="0.221"/>
  <system-out/>
  <testcase classname="runner.TestRunner" name="runScenario" time="0.267"/>
  <system-out/>
  <testcase classname="runner.TestRunner" name="runScenario" time="4.926"/>
  <system-out/>
  <testcase classname="runner.TestRunner" name="runScenario" time="0.369"/>
  <system-out/>
  <testcase classname="runner.TestRunner" name="runScenario" time="0.223"/>
  <system-out/>
  <testcase classname="runner.TestRunner" name="runScenario" time="0.220"/>
  <system-out/>
  <testcase classname="runner.TestRunner" name="runScenario" time="0.214"/>
  <system-out/>
</testsuite> <!-- runner.TestRunner -->
